SF:src/hdx/scraper/unhcr_situations/__init__.py
end_of_record
SF:src/hdx/scraper/unhcr_situations/pipeline.py
DA:4,1
DA:6,1
DA:7,1
DA:8,1
DA:9,1
DA:10,1
DA:12,1
DA:15,1
DA:16,1
DA:17,1
DA:18,1
DA:19,1
DA:20,1
DA:21,1
DA:23,1
DA:24,1
DA:25,1
DA:26,0
DA:27,1
DA:28,1
DA:29,1
DA:30,1
DA:31,1
DA:33,1
DA:34,1
DA:35,1
DA:36,1
DA:37,0
DA:39,1
DA:40,1
DA:41,1
DA:42,1
DA:43,0
DA:44,0
DA:45,0
DA:47,1
DA:48,1
DA:49,1
DA:50,1
DA:51,0
DA:52,1
DA:53,1
DA:54,0
DA:55,1
DA:56,1
DA:57,0
DA:58,1
DA:69,1
DA:70,1
DA:72,1
DA:74,1
DA:75,1
DA:76,0
DA:77,1
DA:78,1
DA:81,1
DA:82,1
DA:83,1
DA:84,1
DA:85,1
DA:86,1
DA:87,1
DA:88,1
DA:89,1
DA:90,1
DA:91,1
DA:92,1
DA:94,1
DA:95,1
DA:100,1
DA:108,1
LF:71
LH:62
FN:16,21,Pipeline.__init__
FNDA:1,Pipeline.__init__
FN:23,31,Pipeline.get_data_from_hdx
FNDA:1,Pipeline.get_data_from_hdx
FN:33,72,Pipeline.get_data_from_unhcr
FNDA:1,Pipeline.get_data_from_unhcr
FN:74,108,Pipeline.generate_dataset
FNDA:1,Pipeline.generate_dataset
FNF:4
FNH:4
end_of_record
